<?xml version="1.0" encoding="UTF-8"?>
<!-- Generated by org.testng.reporters.JUnitReportReporter -->
<testsuite hostname="Saraths-MacBook-Pro.local" failures="0" tests="3" name="TestRunner.DSAlgoTestRunner" time="10.702" errors="3" timestamp="2024-01-19T19:37:05 PST" skipped="0">
  <testcase classname="TestRunner.DSAlgoTestRunner" name="runScenario" time="3.277">
    <error message="Cannot invoke &quot;pageFactory.Homepage.clickonstackbutton()&quot; because &quot;this.homepage&quot; is null" type="java.lang.NullPointerException">
      <![CDATA[java.lang.NullPointerException: Cannot invoke "pageFactory.Homepage.clickonstackbutton()" because "this.homepage" is null
at StepDefinitions.Stack_SD.user_clicks_get_started_button_in_stack_pane(Stack_SD.java:32)
at ✽.User clicks Get Started button in Stack pane(file:///Users/sarathkumar/eclipse-workspace/DSAlgo/src/test/resources/Features/Stack.feature:5)
]]>
    </error>
  </testcase> <!-- runScenario -->
  <system-out/>
  <testcase classname="TestRunner.DSAlgoTestRunner" name="runScenario" time="3.844">
    <error message="Cannot invoke &quot;pageFactory.Homepage.clickonstackbutton()&quot; because &quot;this.homepage&quot; is null" type="java.lang.NullPointerException">
      <![CDATA[java.lang.NullPointerException: Cannot invoke "pageFactory.Homepage.clickonstackbutton()" because "this.homepage" is null
at StepDefinitions.Stack_SD.user_clicks_get_started_button_in_stack_pane(Stack_SD.java:32)
at ✽.User clicks Get Started button in Stack pane(file:///Users/sarathkumar/eclipse-workspace/DSAlgo/src/test/resources/Features/Stack.feature:5)
]]>
    </error>
  </testcase> <!-- runScenario -->
  <system-out/>
  <testcase classname="TestRunner.DSAlgoTestRunner" name="runScenario" time="3.581">
    <error message="Cannot invoke &quot;pageFactory.Homepage.clickonstackbutton()&quot; because &quot;this.homepage&quot; is null" type="java.lang.NullPointerException">
      <![CDATA[java.lang.NullPointerException: Cannot invoke "pageFactory.Homepage.clickonstackbutton()" because "this.homepage" is null
at StepDefinitions.Stack_SD.user_clicks_get_started_button_in_stack_pane(Stack_SD.java:32)
at ✽.User clicks Get Started button in Stack pane(file:///Users/sarathkumar/eclipse-workspace/DSAlgo/src/test/resources/Features/Stack.feature:5)
]]>
    </error>
  </testcase> <!-- runScenario -->
  <system-out/>
</testsuite> <!-- TestRunner.DSAlgoTestRunner -->
